2023-09-10 16:22:03,055 =============================================================
2023-09-10 16:22:03,055 =============================================================
2023-09-10 16:22:03,055 Today is 2023-09-10 at 04:22 PM
2023-09-10 16:22:03,103 This file is running on: nt Windows 10
2023-09-10 16:22:03,103 The Python version is: 3.11.4
2023-09-10 16:22:03,103 The active conda environment is:  None
2023-09-10 16:22:03,103 The active pip environment is:    None
2023-09-10 16:22:03,103 The active environment path is:   C:\Users\cerad\AppData\Local\Programs\Python\Python311
2023-09-10 16:22:03,103 The current working directory is: C:\Users\cerad\OneDrive\Desktop\Data Analytics Fundamentals 44608-80.81\datafun-03-datatypes
2023-09-10 16:22:03,103 This source file is in:           c:\Users\cerad\OneDrive\Desktop\Data Analytics Fundamentals 44608-80.81\datafun-03-datatypes
2023-09-10 16:22:03,103 =============================================================
2023-09-10 16:22:03,103 =============================================================
2023-09-10 16:22:03,103 Calling functions from main block
2023-09-10 16:22:03,103 Calling process_text_woodchuck()
2023-09-10 16:22:03,103 The list of words is: ['How', 'much', 'wood', 'would', 'a', 'woodchuck', 'chuck', 'if', 'a', 'woodchuck', 'could', 'chuck', 'wood?', 'He', 'would', 'chuck,', 'he', 'would,', 'as', 'much', 'as', 'he', 'could,', 'and', 'chuck', 'as', 'much', 'wood', 'as', 'a', 'woodchuck', 'would', 'if', 'a', 'woodchuck', 'could', 'chuck', 'wood.']
2023-09-10 16:22:03,103 There are 38 words in the file.
2023-09-10 16:22:03,103 The set of unique words is: {'woodchuck', 'if', 'How', 'much', 'wood', 'could,', 'chuck', 'chuck,', 'he', 'and', 'wood.', 'wood?', 'a', 'could', 'would,', 'as', 'He', 'would'}
2023-09-10 16:22:03,103 There are 18 unique words in the file.
2023-09-10 16:22:03,103 Calling create_random_sentence()
2023-09-10 16:22:03,103 Random sentence: The bored bird swims happily.
2023-09-10 16:22:03,103 Calling create_random_sentence()
2023-09-10 16:22:03,103 Random sentence: The bored mouse studies scaredly.
2023-09-10 16:22:03,103 Calling play_game()
2023-09-10 16:22:03,103 ready_for_continous_game = True
